<?xml version="1.0" encoding="UTF-8"?>
<testng-results ignored="0" total="3" passed="3" failed="0" skipped="0">
  <reporter-output>
  </reporter-output>
  <suite started-at="2022-09-17T10:02:58 IST" name="Suite" finished-at="2022-09-17T10:05:32 IST" duration-ms="153278">
    <groups>
    </groups>
    <test started-at="2022-09-17T10:02:58 IST" name="Test" finished-at="2022-09-17T10:05:32 IST" duration-ms="153278">
      <class name="testcases.SimplilearnLogin">
        <test-method is-config="true" signature="DataSetUp()[pri:0, instance:testcases.SimplilearnLogin@1e04fa0a]" started-at="2022-09-17T10:02:58 IST" name="DataSetUp" finished-at="2022-09-17T10:03:03 IST" duration-ms="5012" status="PASS">
          <reporter-output>
          </reporter-output>
        </test-method> <!-- DataSetUp -->
        <test-method is-config="true" signature="SetUp(java.lang.reflect.Method)[pri:0, instance:testcases.SimplilearnLogin@1e04fa0a]" started-at="2022-09-17T10:03:04 IST" name="SetUp" finished-at="2022-09-17T10:03:44 IST" duration-ms="40357" status="PASS">
          <params>
            <param index="0">
              <value>
                <![CDATA[public void testcases.SimplilearnLogin.Test1()]]>
              </value>
            </param>
          </params>
          <reporter-output>
          </reporter-output>
        </test-method> <!-- SetUp -->
        <test-method signature="Test1()[pri:0, instance:testcases.SimplilearnLogin@1e04fa0a]" started-at="2022-09-17T10:03:44 IST" name="Test1" finished-at="2022-09-17T10:04:10 IST" duration-ms="25633" status="PASS">
          <reporter-output>
          </reporter-output>
        </test-method> <!-- Test1 -->
        <test-method is-config="true" signature="TearDown()[pri:0, instance:testcases.SimplilearnLogin@1e04fa0a]" started-at="2022-09-17T10:04:10 IST" name="TearDown" finished-at="2022-09-17T10:04:10 IST" duration-ms="833" status="PASS">
          <reporter-output>
          </reporter-output>
        </test-method> <!-- TearDown -->
        <test-method is-config="true" signature="SetUp(java.lang.reflect.Method)[pri:0, instance:testcases.SimplilearnLogin@1e04fa0a]" started-at="2022-09-17T10:04:10 IST" name="SetUp" finished-at="2022-09-17T10:04:22 IST" duration-ms="11356" status="PASS">
          <params>
            <param index="0">
              <value>
                <![CDATA[public void testcases.SimplilearnLogin.Test2(java.lang.String,java.lang.String)]]>
              </value>
            </param>
          </params>
          <reporter-output>
          </reporter-output>
        </test-method> <!-- SetUp -->
        <test-method signature="Test2(java.lang.String,java.lang.String)[pri:0, instance:testcases.SimplilearnLogin@1e04fa0a]" started-at="2022-09-17T10:04:22 IST" name="Test2" finished-at="2022-09-17T10:05:01 IST" duration-ms="39586" status="PASS">
          <params>
            <param index="0">
              <value>
                <![CDATA[abc@xyz.com]]>
              </value>
            </param>
            <param index="1">
              <value>
                <![CDATA[Abc@1234]]>
              </value>
            </param>
          </params>
          <reporter-output>
          </reporter-output>
        </test-method> <!-- Test2 -->
        <test-method is-config="true" signature="TearDown()[pri:0, instance:testcases.SimplilearnLogin@1e04fa0a]" started-at="2022-09-17T10:05:01 IST" name="TearDown" finished-at="2022-09-17T10:05:02 IST" duration-ms="614" status="PASS">
          <reporter-output>
          </reporter-output>
        </test-method> <!-- TearDown -->
        <test-method is-config="true" signature="SetUp(java.lang.reflect.Method)[pri:0, instance:testcases.SimplilearnLogin@1e04fa0a]" started-at="2022-09-17T10:05:02 IST" name="SetUp" finished-at="2022-09-17T10:05:15 IST" duration-ms="12572" status="PASS">
          <params>
            <param index="0">
              <value>
                <![CDATA[public void testcases.SimplilearnLogin.Test3()]]>
              </value>
            </param>
          </params>
          <reporter-output>
          </reporter-output>
        </test-method> <!-- SetUp -->
        <test-method signature="Test3()[pri:0, instance:testcases.SimplilearnLogin@1e04fa0a]" started-at="2022-09-17T10:05:15 IST" name="Test3" finished-at="2022-09-17T10:05:30 IST" duration-ms="15638" status="PASS">
          <reporter-output>
          </reporter-output>
        </test-method> <!-- Test3 -->
        <test-method is-config="true" signature="TearDown()[pri:0, instance:testcases.SimplilearnLogin@1e04fa0a]" started-at="2022-09-17T10:05:30 IST" name="TearDown" finished-at="2022-09-17T10:05:30 IST" duration-ms="268" status="PASS">
          <reporter-output>
          </reporter-output>
        </test-method> <!-- TearDown -->
        <test-method is-config="true" signature="DataClean()[pri:0, instance:testcases.SimplilearnLogin@1e04fa0a]" started-at="2022-09-17T10:05:30 IST" name="DataClean" finished-at="2022-09-17T10:05:32 IST" duration-ms="1226" status="PASS">
          <reporter-output>
          </reporter-output>
        </test-method> <!-- DataClean -->
      </class> <!-- testcases.SimplilearnLogin -->
    </test> <!-- Test -->
  </suite> <!-- Suite -->
</testng-results>
