<?xml version="1.0" encoding="UTF-8"?>
<!-- Generated by org.testng.reporters.JUnitXMLReporter -->
<testsuite ignored="0" hostname="DESKTOP-OCHNCFG" failures="0" tests="3" name="Test" time="153.278" errors="0" timestamp="2022-09-17T10:05:32 IST">
  <testcase classname="testcases.SimplilearnLogin" name="Test1" time="25.633"/>
  <testcase classname="testcases.SimplilearnLogin" name="Test2" time="39.586"/>
  <testcase classname="testcases.SimplilearnLogin" name="Test3" time="15.638"/>
</testsuite> <!-- Test -->
