<?xml version="1.0" encoding="UTF-8"?>
<!-- Generated by org.testng.reporters.JUnitXMLReporter -->
<testsuite ignored="2" hostname="DESKTOP-OCHNCFG" failures="0" tests="1" name="Default test" time="50.404" errors="0" timestamp="2022-09-13T14:44:59 IST">
  <testcase classname="testcases.SimplilearnLogin" name="Test3" time="21.4"/>
  <testcase classname="testcases.SimplilearnLogin" name="Test1" time="0.0">
    <ignored/>
  </testcase> <!-- Test1 -->
  <testcase classname="testcases.SimplilearnLogin" name="Test2" time="0.0">
    <ignored/>
  </testcase> <!-- Test2 -->
</testsuite> <!-- Default test -->
